# JRE version: Java(TM) SE Runtime Environment (8.0_31-b13) (build 1.8.0_31-b13)
# Java VM: Java HotSpot(TM) Server VM (25.31-b07 mixed mode linux-x86 )
Heap:
 PSYoungGen      total 78336K, used 7929K [0x91cc0000, 0x97240000, 0xa7200000)
  eden space 70400K, 0% used [0x91cc0000,0x91cc0000,0x96180000)
  from space 7936K, 99% used [0x96180000,0x9693e5f0,0x96940000)
  to   space 6656K, 0% used [0x96940000,0x96940000,0x96fc0000)
 ParOldGen       total 23296K, used 23263K [0x67200000, 0x688c0000, 0x91cc0000)
  object space 23296K, 99% used [0x67200000,0x688b7cb8,0x688c0000)
 Metaspace       used 3899K, capacity 3908K, committed 3992K, reserved 4400K
GC Heap History (10 events):
Event: 2.617 GC heap after
Heap after GC invocations=2 (full 0):
 PSYoungGen      total 19200K, used 1276K [0x91cc0000, 0x930c0000, 0xa7200000)
  eden space 17920K, 0% used [0x91cc0000,0x91cc0000,0x92e40000)
  from space 1280K, 99% used [0x92f80000,0x930bf2b8,0x930c0000)
  to   space 1280K, 0% used [0x92e40000,0x92e40000,0x92f80000)
 ParOldGen       total 23296K, used 3076K [0x67200000, 0x688c0000, 0x91cc0000)
  object space 23296K, 13% used [0x67200000,0x67501150,0x688c0000)
 Metaspace       used 3550K, capacity 3678K, committed 3736K, reserved 4400K
}
Event: 4.393 GC heap before
{Heap before GC invocations=3 (full 0):
 PSYoungGen      total 19200K, used 19196K [0x91cc0000, 0x930c0000, 0xa7200000)
  eden space 17920K, 100% used [0x91cc0000,0x92e40000,0x92e40000)
  from space 1280K, 99% used [0x92f80000,0x930bf2b8,0x930c0000)
  to   space 1280K, 0% used [0x92e40000,0x92e40000,0x92f80000)
 ParOldGen       total 23296K, used 3076K [0x67200000, 0x688c0000, 0x91cc0000)
  object space 23296K, 13% used [0x67200000,0x67501150,0x688c0000)
 Metaspace       used 3708K, capacity 3806K, committed 3864K, reserved 4400K
Event: 4.534 GC heap after
Heap after GC invocations=3 (full 0):
 PSYoungGen      total 19200K, used 1264K [0x91cc0000, 0x94240000, 0xa7200000)
  eden space 17920K, 0% used [0x91cc0000,0x91cc0000,0x92e40000)
  from space 1280K, 98% used [0x92e40000,0x92f7c1e0,0x92f80000)
  to   space 1280K, 0% used [0x94100000,0x94100000,0x94240000)
 ParOldGen       total 23296K, used 5628K [0x67200000, 0x688c0000, 0x91cc0000)
  object space 23296K, 24% used [0x67200000,0x6777f0a8,0x688c0000)
 Metaspace       used 3708K, capacity 3806K, committed 3864K, reserved 4400K
}
Event: 7.995 GC heap before
{Heap before GC invocations=4 (full 0):
 PSYoungGen      total 19200K, used 19184K [0x91cc0000, 0x94240000, 0xa7200000)
  eden space 17920K, 100% used [0x91cc0000,0x92e40000,0x92e40000)
  from space 1280K, 98% used [0x92e40000,0x92f7c1e0,0x92f80000)
  to   space 1280K, 0% used [0x94100000,0x94100000,0x94240000)
 ParOldGen       total 23296K, used 5628K [0x67200000, 0x688c0000, 0x91cc0000)
  object space 23296K, 24% used [0x67200000,0x6777f0a8,0x688c0000)
 Metaspace       used 3818K, capacity 3838K, committed 3864K, reserved 4400K
Event: 8.169 GC heap after
Heap after GC invocations=4 (full 0):
 PSYoungGen      total 37120K, used 1275K [0x91cc0000, 0x94240000, 0xa7200000)
  eden space 35840K, 0% used [0x91cc0000,0x91cc0000,0x93fc0000)
  from space 1280K, 99% used [0x94100000,0x9423ec80,0x94240000)
  to   space 1280K, 0% used [0x93fc0000,0x93fc0000,0x94100000)
 ParOldGen       total 23296K, used 7947K [0x67200000, 0x688c0000, 0x91cc0000)
  object space 23296K, 34% used [0x67200000,0x679c2e10,0x688c0000)
 Metaspace       used 3818K, capacity 3838K, committed 3864K, reserved 4400K
}
Event: 17.493 GC heap before
{Heap before GC invocations=5 (full 0):
 PSYoungGen      total 37120K, used 37115K [0x91cc0000, 0x94240000, 0xa7200000)
  eden space 35840K, 100% used [0x91cc0000,0x93fc0000,0x93fc0000)
  from space 1280K, 99% used [0x94100000,0x9423ec80,0x94240000)
  to   space 1280K, 0% used [0x93fc0000,0x93fc0000,0x94100000)
 ParOldGen       total 23296K, used 7947K [0x67200000, 0x688c0000, 0x91cc0000)
  object space 23296K, 34% used [0x67200000,0x679c2e10,0x688c0000)
 Metaspace       used 3860K, capacity 3872K, committed 3992K, reserved 4400K
Event: 17.753 GC heap after
Heap after GC invocations=5 (full 0):
 PSYoungGen      total 37120K, used 1265K [0x91cc0000, 0x96fc0000, 0xa7200000)
  eden space 35840K, 0% used [0x91cc0000,0x91cc0000,0x93fc0000)
  from space 1280K, 98% used [0x93fc0000,0x940fc620,0x94100000)
  to   space 6656K, 0% used [0x96940000,0x96940000,0x96fc0000)
 ParOldGen       total 23296K, used 13637K [0x67200000, 0x688c0000, 0x91cc0000)
  object space 23296K, 58% used [0x67200000,0x67f51608,0x688c0000)
 Metaspace       used 3860K, capacity 3872K, committed 3992K, reserved 4400K
}
Event: 27.280 GC heap before
{Heap before GC invocations=6 (full 0):
 PSYoungGen      total 37120K, used 37105K [0x91cc0000, 0x96fc0000, 0xa7200000)
  eden space 35840K, 100% used [0x91cc0000,0x93fc0000,0x93fc0000)
  from space 1280K, 98% used [0x93fc0000,0x940fc620,0x94100000)
  to   space 6656K, 0% used [0x96940000,0x96940000,0x96fc0000)
 ParOldGen       total 23296K, used 13637K [0x67200000, 0x688c0000, 0x91cc0000)
  object space 23296K, 58% used [0x67200000,0x67f51608,0x688c0000)
 Metaspace       used 3873K, capacity 3906K, committed 3992K, reserved 4400K
Event: 27.733 GC heap after
Heap after GC invocations=6 (full 0):
 PSYoungGen      total 77056K, used 6646K [0x91cc0000, 0x97240000, 0xa7200000)
  eden space 70400K, 0% used [0x91cc0000,0x91cc0000,0x96180000)
  from space 6656K, 99% used [0x96940000,0x96fbd808,0x96fc0000)
  to   space 7936K, 0% used [0x96180000,0x96180000,0x96940000)
 ParOldGen       total 23296K, used 14007K [0x67200000, 0x688c0000, 0x91cc0000)
  object space 23296K, 60% used [0x67200000,0x67fadd10,0x688c0000)
 Metaspace       used 3873K, capacity 3906K, committed 3992K, reserved 4400K
}
Event: 48.975 GC heap before
{Heap before GC invocations=7 (full 0):
 PSYoungGen      total 77056K, used 77046K [0x91cc0000, 0x97240000, 0xa7200000)
  eden space 70400K, 100% used [0x91cc0000,0x96180000,0x96180000)
  from space 6656K, 99% used [0x96940000,0x96fbd808,0x96fc0000)
  to   space 7936K, 0% used [0x96180000,0x96180000,0x96940000)
 ParOldGen       total 23296K, used 14007K [0x67200000, 0x688c0000, 0x91cc0000)
  object space 23296K, 60% used [0x67200000,0x67fadd10,0x688c0000)
 Metaspace       used 3899K, capacity 3908K, committed 3992K, reserved 4400K

