# JRE version: Java(TM) SE Runtime Environment (8.0_31-b13) (build 1.8.0_31-b13)
# Java VM: Java HotSpot(TM) Server VM (25.31-b07 mixed mode linux-x86 )
Heap:
 PSYoungGen      total 39680K, used 4349K [0x91ac0000, 0x94640000, 0xa7000000)
  eden space 35328K, 0% used [0x91ac0000,0x91ac0000,0x93d40000)
  from space 4352K, 99% used [0x93d40000,0x9417f7f8,0x94180000)
  to   space 3840K, 0% used [0x94180000,0x94180000,0x94540000)
 ParOldGen       total 23296K, used 13143K [0x67000000, 0x686c0000, 0x91ac0000)
  object space 23296K, 56% used [0x67000000,0x67cd5e30,0x686c0000)
 Metaspace       used 3855K, capacity 3902K, committed 3992K, reserved 4400K
GC Heap History (10 events):
Event: 4.221 GC heap after
Heap after GC invocations=2 (full 0):
 PSYoungGen      total 10240K, used 1264K [0x91ac0000, 0x92600000, 0xa7000000)
  eden space 8960K, 0% used [0x91ac0000,0x91ac0000,0x92380000)
  from space 1280K, 98% used [0x924c0000,0x925fc2c8,0x92600000)
  to   space 1280K, 0% used [0x92380000,0x92380000,0x924c0000)
 ParOldGen       total 23296K, used 2753K [0x67000000, 0x686c0000, 0x91ac0000)
  object space 23296K, 11% used [0x67000000,0x672b0428,0x686c0000)
 Metaspace       used 3520K, capacity 3646K, committed 3736K, reserved 4400K
}
Event: 5.239 GC heap before
{Heap before GC invocations=3 (full 0):
 PSYoungGen      total 10240K, used 10224K [0x91ac0000, 0x92600000, 0xa7000000)
  eden space 8960K, 100% used [0x91ac0000,0x92380000,0x92380000)
  from space 1280K, 98% used [0x924c0000,0x925fc2c8,0x92600000)
  to   space 1280K, 0% used [0x92380000,0x92380000,0x924c0000)
 ParOldGen       total 23296K, used 2753K [0x67000000, 0x686c0000, 0x91ac0000)
  object space 23296K, 11% used [0x67000000,0x672b0428,0x686c0000)
 Metaspace       used 3641K, capacity 3742K, committed 3864K, reserved 4400K
Event: 5.261 GC heap after
Heap after GC invocations=3 (full 0):
 PSYoungGen      total 10240K, used 1269K [0x91ac0000, 0x92ec0000, 0xa7000000)
  eden space 8960K, 0% used [0x91ac0000,0x91ac0000,0x92380000)
  from space 1280K, 99% used [0x92380000,0x924bd468,0x924c0000)
  to   space 1280K, 0% used [0x92d80000,0x92d80000,0x92ec0000)
 ParOldGen       total 23296K, used 4088K [0x67000000, 0x686c0000, 0x91ac0000)
  object space 23296K, 17% used [0x67000000,0x673fe3a0,0x686c0000)
 Metaspace       used 3641K, capacity 3742K, committed 3864K, reserved 4400K
}
Event: 5.557 GC heap before
{Heap before GC invocations=4 (full 0):
 PSYoungGen      total 10240K, used 10229K [0x91ac0000, 0x92ec0000, 0xa7000000)
  eden space 8960K, 100% used [0x91ac0000,0x92380000,0x92380000)
  from space 1280K, 99% used [0x92380000,0x924bd468,0x924c0000)
  to   space 1280K, 0% used [0x92d80000,0x92d80000,0x92ec0000)
 ParOldGen       total 23296K, used 4088K [0x67000000, 0x686c0000, 0x91ac0000)
  object space 23296K, 17% used [0x67000000,0x673fe3a0,0x686c0000)
 Metaspace       used 3742K, capacity 3806K, committed 3864K, reserved 4400K
Event: 5.575 GC heap after
Heap after GC invocations=4 (full 0):
 PSYoungGen      total 19200K, used 1271K [0x91ac0000, 0x92ec0000, 0xa7000000)
  eden space 17920K, 0% used [0x91ac0000,0x91ac0000,0x92c40000)
  from space 1280K, 99% used [0x92d80000,0x92ebdd68,0x92ec0000)
  to   space 1280K, 0% used [0x92c40000,0x92c40000,0x92d80000)
 ParOldGen       total 23296K, used 5562K [0x67000000, 0x686c0000, 0x91ac0000)
  object space 23296K, 23% used [0x67000000,0x6756ead0,0x686c0000)
 Metaspace       used 3742K, capacity 3806K, committed 3864K, reserved 4400K
}
Event: 7.032 GC heap before
{Heap before GC invocations=5 (full 0):
 PSYoungGen      total 19200K, used 19191K [0x91ac0000, 0x92ec0000, 0xa7000000)
  eden space 17920K, 100% used [0x91ac0000,0x92c40000,0x92c40000)
  from space 1280K, 99% used [0x92d80000,0x92ebdd68,0x92ec0000)
  to   space 1280K, 0% used [0x92c40000,0x92c40000,0x92d80000)
 ParOldGen       total 23296K, used 5562K [0x67000000, 0x686c0000, 0x91ac0000)
  object space 23296K, 23% used [0x67000000,0x6756ead0,0x686c0000)
 Metaspace       used 3797K, capacity 3838K, committed 3864K, reserved 4400K
Event: 7.063 GC heap after
Heap after GC invocations=5 (full 0):
 PSYoungGen      total 19200K, used 1277K [0x91ac0000, 0x94540000, 0xa7000000)
  eden space 17920K, 0% used [0x91ac0000,0x91ac0000,0x92c40000)
  from space 1280K, 99% used [0x92c40000,0x92d7f5a8,0x92d80000)
  to   space 3840K, 0% used [0x94180000,0x94180000,0x94540000)
 ParOldGen       total 23296K, used 8079K [0x67000000, 0x686c0000, 0x91ac0000)
  object space 23296K, 34% used [0x67000000,0x677e3ff8,0x686c0000)
 Metaspace       used 3797K, capacity 3838K, committed 3864K, reserved 4400K
}
Event: 7.622 GC heap before
{Heap before GC invocations=6 (full 0):
 PSYoungGen      total 19200K, used 19197K [0x91ac0000, 0x94540000, 0xa7000000)
  eden space 17920K, 100% used [0x91ac0000,0x92c40000,0x92c40000)
  from space 1280K, 99% used [0x92c40000,0x92d7f5a8,0x92d80000)
  to   space 3840K, 0% used [0x94180000,0x94180000,0x94540000)
 ParOldGen       total 23296K, used 8079K [0x67000000, 0x686c0000, 0x91ac0000)
  object space 23296K, 34% used [0x67000000,0x677e3ff8,0x686c0000)
 Metaspace       used 3833K, capacity 3870K, committed 3992K, reserved 4400K
Event: 7.660 GC heap after
Heap after GC invocations=6 (full 0):
 PSYoungGen      total 39168K, used 3830K [0x91ac0000, 0x94640000, 0xa7000000)
  eden space 35328K, 0% used [0x91ac0000,0x91ac0000,0x93d40000)
  from space 3840K, 99% used [0x94180000,0x9453da38,0x94540000)
  to   space 4352K, 0% used [0x93d40000,0x93d40000,0x94180000)
 ParOldGen       total 23296K, used 8196K [0x67000000, 0x686c0000, 0x91ac0000)
  object space 23296K, 35% used [0x67000000,0x67801220,0x686c0000)
 Metaspace       used 3833K, capacity 3870K, committed 3992K, reserved 4400K
}
Event: 9.995 GC heap before
{Heap before GC invocations=7 (full 0):
 PSYoungGen      total 39168K, used 39158K [0x91ac0000, 0x94640000, 0xa7000000)
  eden space 35328K, 100% used [0x91ac0000,0x93d40000,0x93d40000)
  from space 3840K, 99% used [0x94180000,0x9453da38,0x94540000)
  to   space 4352K, 0% used [0x93d40000,0x93d40000,0x94180000)
 ParOldGen       total 23296K, used 8196K [0x67000000, 0x686c0000, 0x91ac0000)
  object space 23296K, 35% used [0x67000000,0x67801220,0x686c0000)
 Metaspace       used 3855K, capacity 3902K, committed 3992K, reserved 4400K

