# JRE version: Java(TM) SE Runtime Environment (8.0_31-b13) (build 1.8.0_31-b13)
# Java VM: Java HotSpot(TM) Server VM (25.31-b07 mixed mode linux-x86 )
Heap:
 PSYoungGen      total 19200K, used 1276K [0x91ac0000, 0x92ec0000, 0xa7000000)
  eden space 17920K, 0% used [0x91ac0000,0x91ac0000,0x92c40000)
  from space 1280K, 99% used [0x92c40000,0x92d7f288,0x92d80000)
  to   space 1280K, 0% used [0x92d80000,0x92d80000,0x92ec0000)
 ParOldGen       total 23296K, used 8022K [0x67000000, 0x686c0000, 0x91ac0000)
  object space 23296K, 34% used [0x67000000,0x677d5a40,0x686c0000)
 Metaspace       used 3810K, capacity 3838K, committed 3864K, reserved 4400K
GC Heap History (9 events):
Event: 1.974 GC heap before
{Heap before GC invocations=1 (full 0):
 PSYoungGen      total 10240K, used 8960K [0x91ac0000, 0x92600000, 0xa7000000)
  eden space 8960K, 100% used [0x91ac0000,0x92380000,0x92380000)
  from space 1280K, 0% used [0x924c0000,0x924c0000,0x92600000)
  to   space 1280K, 0% used [0x92380000,0x92380000,0x924c0000)
 ParOldGen       total 23296K, used 0K [0x67000000, 0x686c0000, 0x91ac0000)
  object space 23296K, 0% used [0x67000000,0x67000000,0x686c0000)
 Metaspace       used 3297K, capacity 3454K, committed 3480K, reserved 4400K
Event: 1.982 GC heap after
Heap after GC invocations=1 (full 0):
 PSYoungGen      total 10240K, used 1274K [0x91ac0000, 0x92600000, 0xa7000000)
  eden space 8960K, 0% used [0x91ac0000,0x91ac0000,0x92380000)
  from space 1280K, 99% used [0x92380000,0x924bead0,0x924c0000)
  to   space 1280K, 0% used [0x924c0000,0x924c0000,0x92600000)
 ParOldGen       total 23296K, used 1583K [0x67000000, 0x686c0000, 0x91ac0000)
  object space 23296K, 6% used [0x67000000,0x6718be88,0x686c0000)
 Metaspace       used 3297K, capacity 3454K, committed 3480K, reserved 4400K
}
Event: 3.070 GC heap before
{Heap before GC invocations=2 (full 0):
 PSYoungGen      total 10240K, used 10234K [0x91ac0000, 0x92600000, 0xa7000000)
  eden space 8960K, 100% used [0x91ac0000,0x92380000,0x92380000)
  from space 1280K, 99% used [0x92380000,0x924bead0,0x924c0000)
  to   space 1280K, 0% used [0x924c0000,0x924c0000,0x92600000)
 ParOldGen       total 23296K, used 1583K [0x67000000, 0x686c0000, 0x91ac0000)
  object space 23296K, 6% used [0x67000000,0x6718be88,0x686c0000)
 Metaspace       used 3539K, capacity 3678K, committed 3736K, reserved 4400K
Event: 3.082 GC heap after
Heap after GC invocations=2 (full 0):
 PSYoungGen      total 10240K, used 1267K [0x91ac0000, 0x92600000, 0xa7000000)
  eden space 8960K, 0% used [0x91ac0000,0x91ac0000,0x92380000)
  from space 1280K, 99% used [0x924c0000,0x925fcf80,0x92600000)
  to   space 1280K, 0% used [0x92380000,0x92380000,0x924c0000)
 ParOldGen       total 23296K, used 3070K [0x67000000, 0x686c0000, 0x91ac0000)
  object space 23296K, 13% used [0x67000000,0x672ff928,0x686c0000)
 Metaspace       used 3539K, capacity 3678K, committed 3736K, reserved 4400K
}
Event: 3.967 GC heap before
{Heap before GC invocations=3 (full 0):
 PSYoungGen      total 10240K, used 10227K [0x91ac0000, 0x92600000, 0xa7000000)
  eden space 8960K, 100% used [0x91ac0000,0x92380000,0x92380000)
  from space 1280K, 99% used [0x924c0000,0x925fcf80,0x92600000)
  to   space 1280K, 0% used [0x92380000,0x92380000,0x924c0000)
 ParOldGen       total 23296K, used 3070K [0x67000000, 0x686c0000, 0x91ac0000)
  object space 23296K, 13% used [0x67000000,0x672ff928,0x686c0000)
 Metaspace       used 3630K, capacity 3742K, committed 3864K, reserved 4400K
Event: 3.985 GC heap after
Heap after GC invocations=3 (full 0):
 PSYoungGen      total 10240K, used 1265K [0x91ac0000, 0x92ec0000, 0xa7000000)
  eden space 8960K, 0% used [0x91ac0000,0x91ac0000,0x92380000)
  from space 1280K, 98% used [0x92380000,0x924bc510,0x924c0000)
  to   space 1280K, 0% used [0x92d80000,0x92d80000,0x92ec0000)
 ParOldGen       total 23296K, used 4245K [0x67000000, 0x686c0000, 0x91ac0000)
  object space 23296K, 18% used [0x67000000,0x67425468,0x686c0000)
 Metaspace       used 3630K, capacity 3742K, committed 3864K, reserved 4400K
}
Event: 5.122 GC heap before
{Heap before GC invocations=4 (full 0):
 PSYoungGen      total 10240K, used 10225K [0x91ac0000, 0x92ec0000, 0xa7000000)
  eden space 8960K, 100% used [0x91ac0000,0x92380000,0x92380000)
  from space 1280K, 98% used [0x92380000,0x924bc510,0x924c0000)
  to   space 1280K, 0% used [0x92d80000,0x92d80000,0x92ec0000)
 ParOldGen       total 23296K, used 4245K [0x67000000, 0x686c0000, 0x91ac0000)
  object space 23296K, 18% used [0x67000000,0x67425468,0x686c0000)
 Metaspace       used 3698K, capacity 3806K, committed 3864K, reserved 4400K
Event: 5.141 GC heap after
Heap after GC invocations=4 (full 0):
 PSYoungGen      total 19200K, used 1264K [0x91ac0000, 0x92ec0000, 0xa7000000)
  eden space 17920K, 0% used [0x91ac0000,0x91ac0000,0x92c40000)
  from space 1280K, 98% used [0x92d80000,0x92ebc1f0,0x92ec0000)
  to   space 1280K, 0% used [0x92c40000,0x92c40000,0x92d80000)
 ParOldGen       total 23296K, used 5705K [0x67000000, 0x686c0000, 0x91ac0000)
  object space 23296K, 24% used [0x67000000,0x67592440,0x686c0000)
 Metaspace       used 3698K, capacity 3806K, committed 3864K, reserved 4400K
}
Event: 6.131 GC heap before
{Heap before GC invocations=5 (full 0):
 PSYoungGen      total 19200K, used 19184K [0x91ac0000, 0x92ec0000, 0xa7000000)
  eden space 17920K, 100% used [0x91ac0000,0x92c40000,0x92c40000)
  from space 1280K, 98% used [0x92d80000,0x92ebc1f0,0x92ec0000)
  to   space 1280K, 0% used [0x92c40000,0x92c40000,0x92d80000)
 ParOldGen       total 23296K, used 5705K [0x67000000, 0x686c0000, 0x91ac0000)
  object space 23296K, 24% used [0x67000000,0x67592440,0x686c0000)
 Metaspace       used 3810K, capacity 3838K, committed 3864K, reserved 4400K

